<?xml version="1.0" encoding="UTF-8"?>
<!-- Generated by org.testng.reporters.JUnitXMLReporter -->
<testsuite hostname="LIN13002607" ignored="1" name="Test1" tests="2" failures="0" timestamp="2020-09-19T17:30:12 IST" time="0.149" errors="0">
  <testcase name="Test1" time="0.041" classname="demo.TestNGGroups"/>
  <testcase name="Test2" time="0.006" classname="demo.TestNGGroups"/>
  <testcase name="Test3" time="0.0" classname="demo.TestNGGroups">
    <ignored/>
  </testcase> <!-- Test3 -->
</testsuite> <!-- Test1 -->
